<?xml version="1.0" encoding="UTF-8"?>
<!-- Generated by org.testng.reporters.JUnitReportReporter -->
<testsuite skipped="0" hostname="LP-PC0MQFYK" name="com.seleniumdemo.TestDemo" tests="2" failures="0" timestamp="21 Mar 2018 08:12:03 GMT" time="0.011" errors="0">
  <testcase name="m1" time="0.000" classname="com.seleniumdemo.TestDemo"/>
  <testcase name="m" time="0.011" classname="com.seleniumdemo.TestDemo"/>
</testsuite> <!-- com.seleniumdemo.TestDemo -->
